Log file open, 04/24/17 16:28:53
LogInit:Display: Running engine for game: WoodcraftVR
LogPlatformFile: Not using cached read wrapper
LogInit:Display: RandInit(-244773327) SRandInit(-244773327).
LogTaskGraph: Started task graph with 5 named threads and 8 total threads with 1 sets of task threads.
LogStats: Stats thread started at 0.144513
LogInit: Using libcurl 7.47.1
LogInit:  - built for x86_64-pc-win32
LogInit:  - supports SSL with OpenSSL/1.0.2g
LogInit:  - supports HTTP deflate (compression) using libz 1.2.8
LogInit:  - other features:
LogInit:      CURL_VERSION_SSL
LogInit:      CURL_VERSION_LIBZ
LogInit:      CURL_VERSION_IPV6
LogInit:      CURL_VERSION_ASYNCHDNS
LogInit:      CURL_VERSION_LARGEFILE
LogInit:      CURL_VERSION_IDN
LogInit:  CurlRequestOptions (configurable via config and command line):
LogInit:  - bVerifyPeer = false  - Libcurl will NOT verify peer certificate
LogInit:  - bUseHttpProxy = false  - Libcurl will NOT use HTTP proxy
LogInit:  - bDontReuseConnections = false  - Libcurl will reuse connections
LogInit:  - CertBundlePath = nullptr  - Libcurl will use whatever was configured at build time.
LogInit: Build: ++UE4+Release-4.15-CL-3348071
LogInit: Engine Version: 4.15.1-3348071+++UE4+Release-4.15
LogInit: Compatible Engine Version: 4.15.0-3299760+++UE4+Release-4.15
LogInit: Net CL: 3299760
LogDevObjectVersion: Number of dev versions registered: 14
LogDevObjectVersion:   Dev-Blueprints (B0D832E4-1F89-4F0D-ACCF-7EB736FD4AA2): 8
LogDevObjectVersion:   Dev-Build (E1C64328-A22C-4D53-A36C-8E866417BD8C): 0
LogDevObjectVersion:   Dev-Core (375EC13C-06E4-48FB-B500-84F0262A717E): 2
LogDevObjectVersion:   Dev-Editor (E4B068ED-F494-42E9-A231-DA0B2E46BB41): 14
LogDevObjectVersion:   Dev-Framework (CFFC743F-43B0-4480-9391-14DF171D2073): 22
LogDevObjectVersion:   Dev-Mobile (B02B49B5-BB20-44E9-A304-32B752E40360): 0
LogDevObjectVersion:   Dev-Networking (A4E4105C-59A1-49B5-A7C5-40C4547EDFEE): 0
LogDevObjectVersion:   Dev-Online (39C831C9-5AE6-47DC-9A44-9C173E1C8E7C): 0
LogDevObjectVersion:   Dev-Physics (78F01B33-EBEA-4F98-B9B4-84EACCB95AA2): 0
LogDevObjectVersion:   Dev-Platform (6631380F-2D4D-43E0-8009-CF276956A95A): 0
LogDevObjectVersion:   Dev-Rendering (12F88B9F-8875-4AFC-A67C-D90C383ABD29): 12
LogDevObjectVersion:   Dev-Sequencer (7B5AE74C-D270-4C10-A958-57980B212A5A): 3
LogDevObjectVersion:   Dev-VR (D7296918-1DD6-4BDD-9DE2-64A83CC13884): 0
LogDevObjectVersion:   Dev-LoadTimes (C2A15278-BFE7-4AFE-6C17-90FF531DF755): 1
LogInit: Compiled (64-bit): Mar 15 2017 16:52:47
LogInit: Compiled with Visual C++: 19.00.23026.00
LogInit: Build Configuration: Development
LogInit: Branch Name: ++UE4+Release-4.15
LogInit: Command line:  
LogInit: Base directory: C:/Program Files/Epic Games/UE_4.15/Engine/Binaries/Win64/
LogInit: Installed Engine Build: 1
LogInit: Presizing for max 8388607 objects, including 0 objects not considered by GC, pre-allocating 0 bytes for permanent pool.
LogInit: Object subsystem initialized
[2017.04.24-20.28.55:409][  0]LogConsoleManager:Display: Setting the console variable 'r.RHICmdBypass' with 'SetByProjectSetting' was ignored as it is lower priority than the previous 'SetBySystemSettingsIni'. Value remains '1'
[2017.04.24-20.28.55:429][  0]LogInit: Selected Device Profile: [Windows]
[2017.04.24-20.28.55:429][  0]LogInit: Applying CVar settings loaded from the selected device profile: [Windows]
[2017.04.24-20.28.55:460][  0]LogInit: Computer: DESKTOP-4KE9QLM
[2017.04.24-20.28.55:460][  0]LogInit: User: Youth
[2017.04.24-20.28.55:460][  0]LogInit: CPU Page size=65536, Cores=4
[2017.04.24-20.28.55:460][  0]LogInit: High frequency timer resolution =2.250005 MHz
[2017.04.24-20.28.55:461][  0]LogMemory: Memory total: Physical=7.9GB (8GB approx)
[2017.04.24-20.28.55:461][  0]LogMemory: Platform Memory Stats for Windows
[2017.04.24-20.28.55:461][  0]LogMemory: Process Physical Memory: 263.28 MB used, 263.28 MB peak
[2017.04.24-20.28.55:461][  0]LogMemory: Process Virtual Memory: 263.19 MB used, 263.19 MB peak
[2017.04.24-20.28.55:461][  0]LogMemory: Physical Memory: 4350.75 MB used,  3714.51 MB free, 8065.26 MB total
[2017.04.24-20.28.55:461][  0]LogMemory: Virtual Memory: 646.01 MB used,  3714.51 MB free, 134217728.00 MB total
[2017.04.24-20.28.56:726][  0]LogTextLocalizationManager: No specific translations for ('en-US') exist, so ('en') translations will be used.
[2017.04.24-20.29.00:131][  0]LogD3D11RHI: D3D11 adapters:
[2017.04.24-20.29.00:293][  0]LogD3D11RHI:    0. 'NVIDIA GeForce GTX 960M' (Feature Level 11_0)
[2017.04.24-20.29.00:293][  0]LogD3D11RHI:       4064/0/4032 MB DedicatedVideo/DedicatedSystem/SharedSystem, Outputs:1, VendorId:0x10de
[2017.04.24-20.29.00:540][  0]LogD3D11RHI:    1. 'Intel(R) HD Graphics 530' (Feature Level 11_0)
[2017.04.24-20.29.00:540][  0]LogD3D11RHI:       128/0/4032 MB DedicatedVideo/DedicatedSystem/SharedSystem, Outputs:0, VendorId:0x8086
[2017.04.24-20.29.00:705][  0]LogD3D11RHI:    2. 'Microsoft Basic Render Driver' (Feature Level 11_0)
[2017.04.24-20.29.00:705][  0]LogD3D11RHI:       0/0/4032 MB DedicatedVideo/DedicatedSystem/SharedSystem, Outputs:0, VendorId:0x1414
[2017.04.24-20.29.00:705][  0]LogD3D11RHI: Chosen D3D11 Adapter: 0
[2017.04.24-20.29.00:711][  0]LogD3D11RHI: Creating new Direct3DDevice
[2017.04.24-20.29.00:711][  0]LogD3D11RHI:     GPU DeviceId: 0x139b (for the marketing name, search the web for "GPU Device Id")
[2017.04.24-20.29.00:711][  0]LogWindows: EnumDisplayDevices:
[2017.04.24-20.29.00:711][  0]LogWindows:    0. 'Intel(R) HD Graphics 530' (P:1 D:1)
[2017.04.24-20.29.00:711][  0]LogWindows:    1. 'Intel(R) HD Graphics 530' (P:0 D:0)
[2017.04.24-20.29.00:712][  0]LogWindows:    2. 'Intel(R) HD Graphics 530' (P:0 D:0)
[2017.04.24-20.29.00:712][  0]LogWindows: DebugString: PrimaryIsNotTheChoosenAdapter PrimaryIsNotTheChoosenAdapter PrimaryIsNotTheChoosenAdapter FoundDriverCount:0 
[2017.04.24-20.29.00:712][  0]LogD3D11RHI:     Adapter Name: NVIDIA GeForce GTX 960M
[2017.04.24-20.29.00:712][  0]LogD3D11RHI:   Driver Version: Unknown (internal:Unknown, unified:Unknown)
[2017.04.24-20.29.00:712][  0]LogD3D11RHI:      Driver Date: Unknown
[2017.04.24-20.29.00:712][  0]LogRHI: Texture pool is 1361 MB (70% of 1945 MB)
[2017.04.24-20.29.00:738][  0]LogD3D11RHI: Async texture creation enabled
[2017.04.24-20.29.00:750][  0]LogD3D11RHI: GPU Timing Frequency: 1000.000000 (Debug: 2 1)
[2017.04.24-20.29.00:751][  0]LogShaderCompilers: Guid format shader working directory is -24 characters bigger than the processId version (../../../../../../Users/Youth/Documents/GitHub/WoodcraftVR/WoodcraftVR/Intermediate/Shaders/WorkingDirectory/4428/).
[2017.04.24-20.29.00:752][  0]LogShaderCompilers: Cleaned the shader compiler working directory 'C:/Users/Youth/AppData/Local/Temp/UnrealShaderWorkingDir/D1AB884C42AF01E21F32E69610F4D016/'.
[2017.04.24-20.29.00:752][  0]LogShaderCompilers:Display: Using Local Shader Compiler.
[2017.04.24-20.29.04:100][  0]LogTemp:Display: Loaded TP AllDesktopTargetPlatform
[2017.04.24-20.29.04:244][  0]LogTemp:Display: Loaded TP MacClientTargetPlatform
[2017.04.24-20.29.04:372][  0]LogTemp:Display: Loaded TP MacNoEditorTargetPlatform
[2017.04.24-20.29.04:505][  0]LogTemp:Display: Loaded TP MacServerTargetPlatform
[2017.04.24-20.29.04:660][  0]LogTemp:Display: Loaded TP MacTargetPlatform
[2017.04.24-20.29.04:793][  0]LogTemp:Display: Loaded TP WindowsClientTargetPlatform
[2017.04.24-20.29.04:920][  0]LogTemp:Display: Loaded TP WindowsNoEditorTargetPlatform
[2017.04.24-20.29.05:049][  0]LogTemp:Display: Loaded TP WindowsServerTargetPlatform
[2017.04.24-20.29.05:177][  0]LogTemp:Display: Loaded TP WindowsTargetPlatform
[2017.04.24-20.29.05:342][  0]LogTemp:Display: Loaded TP AndroidTargetPlatform
[2017.04.24-20.29.05:509][  0]LogTemp:Display: Loaded TP Android_ASTCTargetPlatform
[2017.04.24-20.29.05:663][  0]LogTemp:Display: Loaded TP Android_ATCTargetPlatform
[2017.04.24-20.29.05:831][  0]LogTemp:Display: Loaded TP Android_DXTTargetPlatform
[2017.04.24-20.29.05:981][  0]LogTemp:Display: Loaded TP Android_ETC1TargetPlatform
[2017.04.24-20.29.06:144][  0]LogTemp:Display: Loaded TP Android_ETC2TargetPlatform
[2017.04.24-20.29.06:462][  0]LogTemp:Display: Loaded TP Android_MultiTargetPlatform
[2017.04.24-20.29.06:462][  0]LogTemp:Display: Loaded TP Android_PVRTCTargetPlatform
[2017.04.24-20.29.06:594][  0]LogTemp:Display: Loaded TP HTML5TargetPlatform
[2017.04.24-20.29.06:895][  0]LogTemp:Display: Loaded TP IOSTargetPlatform
[2017.04.24-20.29.06:977][  0]LogTemp:Display: Loaded TP TVOSTargetPlatform
[2017.04.24-20.29.07:133][  0]LogTemp:Display: Loaded TP LinuxClientTargetPlatform
[2017.04.24-20.29.07:287][  0]LogTemp:Display: Loaded TP LinuxNoEditorTargetPlatform
[2017.04.24-20.29.07:446][  0]LogTemp:Display: Loaded TP LinuxServerTargetPlatform
[2017.04.24-20.29.07:613][  0]LogTemp:Display: Loaded TP LinuxTargetPlatform
[2017.04.24-20.29.07:613][  0]LogTargetPlatformManager:Display: Building Assets For Windows
[2017.04.24-20.29.09:930][  0]LogDerivedDataCache:Display: Max Cache Size: 512 MB
[2017.04.24-20.29.10:714][  0]LogDerivedDataCache: Loaded boot cache 0.76s 61MB C:/Users/Youth/AppData/Local/UnrealEngine/4.15/DerivedDataCache/Boot.ddc.
[2017.04.24-20.29.10:714][  0]LogDerivedDataCache:Display: Loaded Boot cache: C:/Users/Youth/AppData/Local/UnrealEngine/4.15/DerivedDataCache/Boot.ddc
[2017.04.24-20.29.10:714][  0]LogDerivedDataCache: FDerivedDataBackendGraph:  Pak pak cache file ../../../../../../Users/Youth/Documents/GitHub/WoodcraftVR/WoodcraftVR/DerivedDataCache/DDC.ddp not found, will not use a pak cache.
[2017.04.24-20.29.10:714][  0]LogDerivedDataCache: Unable to find inner node Pak for hierarchical cache Hierarchy.
[2017.04.24-20.29.10:714][  0]LogDerivedDataCache: FDerivedDataBackendGraph:  CompressedPak pak cache file ../../../../../../Users/Youth/Documents/GitHub/WoodcraftVR/WoodcraftVR/DerivedDataCache/Compressed.ddp not found, will not use a pak cache.
[2017.04.24-20.29.10:714][  0]LogDerivedDataCache: Unable to find inner node CompressedPak for hierarchical cache Hierarchy.
[2017.04.24-20.29.10:758][  0]LogDerivedDataCache:Display: Pak cache opened for reading ../../../Engine/DerivedDataCache/Compressed.ddp.
[2017.04.24-20.29.10:790][  0]LogDerivedDataCache: Using Local data cache path C:/Users/Youth/AppData/Local/UnrealEngine/Common/DerivedDataCache: Writable
[2017.04.24-20.29.10:804][  0]LogSlate: Using Freetype 2.6.0
[2017.04.24-20.29.10:817][  0]LogSlate: SlateFontCache - WITH_FREETYPE: 1, WITH_HARFBUZZ: 1
[2017.04.24-20.29.10:817][  0]LogSlate: SlateFontCache - WITH_FREETYPE: 1, WITH_HARFBUZZ: 1
[2017.04.24-20.29.20:512][  0]LogInit: Selected Device Profile: [Windows]
[2017.04.24-20.29.20:518][  0]LogContentStreaming: Texture pool size is 0.00 MB
[2017.04.24-20.29.20:989][  0]LogMeshUtilities: Using QuadricMeshReduction for automatic static mesh reduction
[2017.04.24-20.29.21:132][  0]LogSimplygon: Simplygon DLL not present - disabling.
[2017.04.24-20.29.21:299][  0]LogMeshUtilities: Using SimplygonSwarm for distributed automatic mesh merging
[2017.04.24-20.29.21:299][  0]LogMeshUtilities: No automatic skeletal mesh reduction module available
[2017.04.24-20.29.21:299][  0]LogMeshUtilities: No automatic mesh merging module available
[2017.04.24-20.29.22:743][  0]LogNetVersion: GetLocalNetworkVersion: CL: 3299760, ProjectName: woodcraftvr, ProjectVersion: , EngineNetworkVersion: 2, GameNetworkVersion: 0, NetworkChecksum: 1375175283
[2017.04.24-20.29.22:830][  0]LogAssetRegistry: FAssetRegistry took 0.0215 seconds to start up
[2017.04.24-20.29.23:000][  0]LogPackageLocalizationCache: Processed 3 localized package path(s) for 2 prioritized culture(s) in 0.096400 seconds
[2017.04.24-20.29.23:008][  0]LogUObjectArray: 32493 objects as part of root set at end of initial load.
[2017.04.24-20.29.23:008][  0]LogUObjectAllocator: 7077032 out of 0 bytes used by permanent object pool.
[2017.04.24-20.29.23:008][  0]LogUObjectArray: CloseDisregardForGC: 0/0 objects in disregard for GC pool
[2017.04.24-20.29.23:185][  0]LogInit: WinSock: version 1.1 (2.2), MaxSocks=32767, MaxUdp=65467
[2017.04.24-20.30.04:236][  0]LogTcpMessaging: Initializing TcpMessaging bridge
[2017.04.24-20.30.04:337][  0]LogUdpMessaging: Initializing bridge on interface 0.0.0.0:0 to multicast group 230.0.0.1:6666.
[2017.04.24-20.30.05:755][  0]LogMaterial: Uniform references updated for custom material expression Custom.
[2017.04.24-20.30.06:908][  0]SourceControl: Info Source control is disabled
[2017.04.24-20.30.06:910][  0]SourceControl: Info Source control is disabled
[2017.04.24-20.30.07:066][  0]SourceControl: Info Source control is disabled
[2017.04.24-20.30.07:215][  0]SourceControl: Info Source control is disabled
[2017.04.24-20.30.11:397][  0]LogEngine: Initializing Engine...
[2017.04.24-20.30.11:401][  0]LogHMD: Failed to initialize OpenVR with code 110
[2017.04.24-20.30.12:064][  0]LogAIModule: Creating AISystem for world Untitled
[2017.04.24-20.30.12:221][  0]LogInit: XAudio2 using 'Speakers / Headphones (Realtek High Definition Audio)' : 2 channels at 48 kHz using 32 bits per sample (channel mask 0x3)
[2017.04.24-20.30.12:270][  0]LogInit: FAudioDevice initialized.
[2017.04.24-20.30.12:323][  0]LogDerivedDataCache: Saved boot cache 0.05s 51MB C:/Users/Youth/AppData/Local/UnrealEngine/4.15/DerivedDataCache/Boot.ddc.
[2017.04.24-20.30.12:339][  0]LogInit: Texture streaming: Enabled
[2017.04.24-20.30.12:581][  0]LogEngineSessionManager: EngineSessionManager initialized
[2017.04.24-20.30.12:847][  0]LogInit: Transaction tracking system initialized
[2017.04.24-20.30.14:075][  0]BlueprintLog: New page: Editor Load
[2017.04.24-20.30.17:152][  0]LocalizationService: Info Localization service is disabled
[2017.04.24-20.30.19:632][  0]LogConsoleResponse:Display: 
[2017.04.24-20.30.20:958][  0]LogCook:Display: Max memory allowance for cook 16384mb min free memory 0mb
[2017.04.24-20.30.20:958][  0]LogCook:Display: Mobile HDR setting 1
[2017.04.24-20.30.21:443][  0]LogFileCache: Scanning file cache for directory 'C:/Users/Youth/Documents/GitHub/WoodcraftVR/WoodcraftVR/Content/' took 0.02s
[2017.04.24-20.30.24:525][  0]SourceControl: Info Source control is disabled
[2017.04.24-20.30.24:526][  0]Cmd: MAP LOAD FILE="../../../../../../Users/Youth/Documents/GitHub/WoodcraftVR/WoodcraftVR/Content/VirtualRealityBP/Maps/StartupMap.umap" TEMPLATE=0 SHOWPROGRESS=1 FEATURELEVEL=3
[2017.04.24-20.30.24:527][  0]LightingResults: New page: Lighting Build
[2017.04.24-20.30.24:654][  0]MapCheck: New page: Map Check
[2017.04.24-20.30.24:654][  0]LightingResults: New page: Lighting Build
[2017.04.24-20.30.24:831][  0]LogAIModule: Creating AISystem for world StartupMap
[2017.04.24-20.30.24:869][  0]LogEditorServer: Finished looking for orphan Actors (0.000 secs)
[2017.04.24-20.30.24:870][  0]Cmd: MAP CHECKDEP NOCLEARLOG
[2017.04.24-20.30.25:048][  0]MapCheck: Info Map check complete: 0 Error(s), 0 Warning(s), took 177.987ms to complete.
[2017.04.24-20.30.25:048][  0]LogFileHelpers: Loading map 'StartupMap' took 0.523
[2017.04.24-20.30.25:111][  0]LogWindowsTextInputMethodSystem:Display: IME system now deactivated.
[2017.04.24-20.30.25:453][  0]LogCollectionManager: Loaded 0 collections in 0.001683 seconds
[2017.04.24-20.30.25:642][  0]LogFileCache: Scanning file cache for directory 'C:/Users/Youth/Documents/GitHub/WoodcraftVR/WoodcraftVR/Saved/Collections/' took 0.01s
[2017.04.24-20.30.25:642][  0]LogFileCache: Scanning file cache for directory 'C:/Users/Youth/Documents/GitHub/WoodcraftVR/WoodcraftVR/Content/Developers/Youth/Collections/' took 0.01s
[2017.04.24-20.30.25:642][  0]LogFileCache: Scanning file cache for directory 'C:/Users/Youth/Documents/GitHub/WoodcraftVR/WoodcraftVR/Content/Collections/' took 0.01s
[2017.04.24-20.30.25:642][  0]LogCollectionManager: Rebuilt the GUID cache for 0 collections in 0.000004 seconds
[2017.04.24-20.30.25:655][  0]LogContentBrowser: Native class hierarchy populated in 0.0118 seconds. Added 2245 classes and 453 folders.
[2017.04.24-20.30.25:664][  0]LogStats: UGameplayTagsManager::ConstructGameplayTagTree: Construct from data asset -  0.000 s
[2017.04.24-20.30.25:664][  0]LogStats: UGameplayTagsManager::ConstructGameplayTagTree: GameplayTagTreeChangedEvent.Broadcast -  0.000 s
[2017.04.24-20.30.25:853][  0]LogContentBrowser: Native class hierarchy updated for 'WidgetCarousel' in 0.0006 seconds. Added 0 classes and 0 folders.
[2017.04.24-20.30.26:528][  0]LogContentBrowser: Native class hierarchy updated for 'AddContentDialog' in 0.0009 seconds. Added 0 classes and 0 folders.
[2017.04.24-20.30.26:664][  0]LogContentBrowser: Native class hierarchy updated for 'SceneOutliner' in 0.0009 seconds. Added 1 classes and 2 folders.
[2017.04.24-20.30.26:766][  0]LogCrashTracker: Crashtracker disabled due to settings.
[2017.04.24-20.30.26:779][  0]LogUObjectGlobals:Warning: Failed to find object 'Class None.'
[2017.04.24-20.30.26:953][  0]LogContentBrowser: Native class hierarchy updated for 'HierarchicalLODOutliner' in 0.0007 seconds. Added 1 classes and 2 folders.
[2017.04.24-20.30.26:954][  0]LogLoad: (Engine Initialization) Total time: 98.73 seconds
[2017.04.24-20.30.26:954][  0]LogLoad: (Engine Initialization) Total Blueprint compile time: 0.18 seconds
[2017.04.24-20.30.26:954][  0]LogExternalProfiler: No external profilers were discovered.  External profiling features will not be available.
[2017.04.24-20.30.26:971][  0]LogOcInput: OculusInput pre-init called
[2017.04.24-20.30.26:996][  0]LogContentStreaming: Texture pool size now 1000 MB
[2017.04.24-20.30.27:003][  0]LogSlate: Took 0.005847 seconds to synchronously load lazily loaded font '../../../Engine/Content/Slate/Fonts/Roboto-Regular.ttf' (155K)
[2017.04.24-20.30.27:023][  0]LogSlate: Took 0.011792 seconds to synchronously load lazily loaded font '../../../Engine/Content/Slate/Fonts/Roboto-Bold.ttf' (160K)
[2017.04.24-20.30.27:036][  0]LogSlate: Took 0.004995 seconds to synchronously load lazily loaded font '../../../Engine/Content/Editor/Slate/Fonts/FontAwesome.ttf' (139K)
[2017.04.24-20.30.27:272][  0]LogSlate: Took 0.005000 seconds to synchronously load lazily loaded font '../../../Engine/Content/Slate/Fonts/Roboto-Light.ttf' (159K)
[2017.04.24-20.30.27:326][  0]LogRenderer: Reallocating scene render targets to support 964x436 NumSamples 1 (Frame:2).
[2017.04.24-20.30.27:446][  1]LogAssetRegistry: Asset discovery search completed in 64.6376 seconds
[2017.04.24-20.30.27:446][  1]LogCollectionManager: Rebuilt the object cache for 0 collections in 0.000019 seconds (found 0 objects)
[2017.04.24-20.30.27:446][  1]LogCollectionManager: Fixed up redirectors for 0 collections in 0.000044 seconds (updated 0 objects)
[2017.04.24-20.34.27:902][476]SourceControl: Info On branch master
[2017.04.24-20.34.27:902][476]SourceControl: Info Your branch is up-to-date with 'origin/master'.
[2017.04.24-20.34.27:902][476]SourceControl: Info Changes not staged for commit:
[2017.04.24-20.34.27:902][476]SourceControl: Info   (use "git add <file>..." to update what will be committed)
[2017.04.24-20.34.27:902][476]SourceControl: Info   (use "git checkout -- <file>..." to discard changes in working directory)
[2017.04.24-20.34.27:902][476]SourceControl: Info 	modified:   WoodcraftVR/Intermediate/CachedAssetRegistry.bin
[2017.04.24-20.34.27:902][476]SourceControl: Info 	modified:   WoodcraftVR/Saved/Logs/WoodcraftVR.log
[2017.04.24-20.34.27:902][476]SourceControl: Info Untracked files:
[2017.04.24-20.34.27:902][476]SourceControl: Info   (use "git add <file>..." to include in what will be committed)
[2017.04.24-20.34.27:902][476]SourceControl: Info 	WoodcraftVR/Saved/Logs/UE4CC-Windows-4D42382F4520B6C5FE047FB1756CE7C1/
[2017.04.24-20.34.27:902][476]SourceControl: Info no changes added to commit (use "git add" and/or "git commit -a")
[2017.04.24-20.35.19:654][526]LogSlate: Took 0.000410 seconds to synchronously load lazily loaded font '../../../Engine/Content/Slate/Fonts/Roboto-Light.ttf' (159K)
[2017.04.24-20.35.19:869][526]LogSavePackage: Save=13.35ms
[2017.04.24-20.35.19:870][526]LogSavePackage: Moving '../../../../../../Users/Youth/Documents/GitHub/WoodcraftVR/WoodcraftVR/Saved/THISISJUSTATESTMAPXDDDDD420BLAZEITDORITOESMOUNTAINDEW7324F79B442840117D55348072BA6F34.tmp' to '../../../../../../Users/Youth/Documents/GitHub/WoodcraftVR/WoodcraftVR/Content/VirtualRealityBP/Maps/THISISJUSTATESTMAPXDDDDD420BLAZEITDORITOESMOUNTAINDEW.umap'
[2017.04.24-20.35.19:886][526]LogSavePackage:Display: Finished SavePackage ../../../../../../Users/Youth/Documents/GitHub/WoodcraftVR/WoodcraftVR/Content/VirtualRealityBP/Maps/THISISJUSTATESTMAPXDDDDD420BLAZEITDORITOESMOUNTAINDEW.umap
[2017.04.24-20.35.20:306][526]LogFileHelpers: Saving map 'THISISJUSTATESTMAPXDDDDD420BLAZEITDORITOESMOUNTAINDEW' took 0.633
